<?xml version="1.0" encoding="UTF-8"?>
<testsuite name="Cucumber" time="32.201" tests="4" skipped="0" failures="4" errors="0" timestamp="2025-02-19T11:41:41.349951900Z">
<testcase classname="Registration Functionality" name="TC_RF_010_Verify_registraton_With_invalidEmail() - #1.1" time="10.21">
<failure type="io.cucumber.core.runner.AmbiguousStepDefinitionsException" message="&quot;User Enter Valid LastName&quot; matches more than one step definition:
  &quot;User Enter Valid LastName&quot; in StepDefination_pack.Register.user_enter_valid_last_name()
  &quot;^User Enter Valid LastName(.*)$&quot; in StepDefination_pack.Register.user_enter_valid_last_name(java.lang.String)">
<![CDATA[io.cucumber.core.runner.AmbiguousStepDefinitionsException: "User Enter Valid LastName" matches more than one step definition:
  "User Enter Valid LastName" in StepDefination_pack.Register.user_enter_valid_last_name()
  "^User Enter Valid LastName(.*)$" in StepDefination_pack.Register.user_enter_valid_last_name(java.lang.String)
	at io.cucumber.core.runner.CachingGlue.findStepDefinitionMatch(CachingGlue.java:423)
	at io.cucumber.core.runner.CachingGlue.stepDefinitionMatch(CachingGlue.java:391)
	at io.cucumber.core.runner.Runner.matchStepToStepDefinition(Runner.java:183)
	at io.cucumber.core.runner.Runner.createTestStepsForPickleSteps(Runner.java:163)
	at io.cucumber.core.runner.Runner.createTestCaseForPickle(Runner.java:146)
	at io.cucumber.core.runner.Runner.runPickle(Runner.java:74)
	at io.cucumber.testng.TestNGCucumberRunner.lambda$runScenario$1(TestNGCucumberRunner.java:135)
	at io.cucumber.core.runtime.CucumberExecutionContext.lambda$runTestCase$5(CucumberExecutionContext.java:136)
	at io.cucumber.core.runtime.RethrowingThrowableCollector.executeAndThrow(RethrowingThrowableCollector.java:23)
	at io.cucumber.core.runtime.CucumberExecutionContext.runTestCase(CucumberExecutionContext.java:136)
	at io.cucumber.testng.TestNGCucumberRunner.runScenario(TestNGCucumberRunner.java:132)
	at io.cucumber.testng.AbstractTestNGCucumberTests.runScenario(AbstractTestNGCucumberTests.java:35)
	at java.base/jdk.internal.reflect.NativeMethodAccessorImpl.invoke0(Native Method)
	at java.base/jdk.internal.reflect.NativeMethodAccessorImpl.invoke(NativeMethodAccessorImpl.java:77)
	at java.base/jdk.internal.reflect.DelegatingMethodAccessorImpl.invoke(DelegatingMethodAccessorImpl.java:43)
	at java.base/java.lang.reflect.Method.invoke(Method.java:568)
	at org.testng.internal.invokers.MethodInvocationHelper.invokeMethod(MethodInvocationHelper.java:141)
	at org.testng.internal.invokers.TestInvoker.invokeMethod(TestInvoker.java:687)
	at org.testng.internal.invokers.TestInvoker.invokeTestMethod(TestInvoker.java:230)
	at org.testng.internal.invokers.MethodRunner.runInSequence(MethodRunner.java:63)
	at org.testng.internal.invokers.TestInvoker$MethodInvocationAgent.invoke(TestInvoker.java:995)
	at org.testng.internal.invokers.TestInvoker.invokeTestMethods(TestInvoker.java:203)
	at org.testng.internal.invokers.TestMethodWorker.invokeTestMethods(TestMethodWorker.java:154)
	at org.testng.internal.invokers.TestMethodWorker.run(TestMethodWorker.java:134)
	at java.base/java.util.ArrayList.forEach(ArrayList.java:1511)
	at org.testng.TestRunner.privateRun(TestRunner.java:741)
	at org.testng.TestRunner.run(TestRunner.java:616)
	at org.testng.SuiteRunner.runTest(SuiteRunner.java:421)
	at org.testng.SuiteRunner.runSequentially(SuiteRunner.java:413)
	at org.testng.SuiteRunner.privateRun(SuiteRunner.java:373)
	at org.testng.SuiteRunner.run(SuiteRunner.java:312)
	at org.testng.SuiteRunnerWorker.runSuite(SuiteRunnerWorker.java:52)
	at org.testng.SuiteRunnerWorker.run(SuiteRunnerWorker.java:95)
	at org.testng.TestNG.runSuitesSequentially(TestNG.java:1274)
	at org.testng.TestNG.runSuitesLocally(TestNG.java:1208)
	at org.testng.TestNG.runSuites(TestNG.java:1112)
	at org.testng.TestNG.run(TestNG.java:1079)
	at org.testng.remote.AbstractRemoteTestNG.run(AbstractRemoteTestNG.java:115)
	at org.testng.remote.RemoteTestNG.initAndRun(RemoteTestNG.java:293)
	at org.testng.remote.RemoteTestNG.main(RemoteTestNG.java:91)
]]>
</failure>
<system-out><![CDATA[
Given User is navigated to Registration page................................passed
When User Enter Valid details in FirstName..................................passed
And User Enter Valid LastName...............................................ambiguous
And User Enter Valid Invalid Email<InvalidEmail>............................skipped
And User Enter Valid telephone..............................................skipped
And User Enter Invalid Password.............................................skipped
And User Enter Invalid confirm password.....................................skipped
And User cliked on disclimer................................................skipped
And User Clicked on Continue................................................skipped
Then Registration should not be done and should show error messagae indication Invalid Email <error_message >.skipped
]]></system-out>
</testcase>
<testcase classname="Registration Functionality" name="TC_RF_010_Verify_registraton_With_invalidEmail() - #1.2" time="7.567">
<failure type="io.cucumber.core.runner.AmbiguousStepDefinitionsException" message="&quot;User Enter Valid LastName&quot; matches more than one step definition:
  &quot;User Enter Valid LastName&quot; in StepDefination_pack.Register.user_enter_valid_last_name()
  &quot;^User Enter Valid LastName(.*)$&quot; in StepDefination_pack.Register.user_enter_valid_last_name(java.lang.String)">
<![CDATA[io.cucumber.core.runner.AmbiguousStepDefinitionsException: "User Enter Valid LastName" matches more than one step definition:
  "User Enter Valid LastName" in StepDefination_pack.Register.user_enter_valid_last_name()
  "^User Enter Valid LastName(.*)$" in StepDefination_pack.Register.user_enter_valid_last_name(java.lang.String)
	at io.cucumber.core.runner.CachingGlue.findStepDefinitionMatch(CachingGlue.java:423)
	at io.cucumber.core.runner.CachingGlue.stepDefinitionMatch(CachingGlue.java:391)
	at io.cucumber.core.runner.Runner.matchStepToStepDefinition(Runner.java:183)
	at io.cucumber.core.runner.Runner.createTestStepsForPickleSteps(Runner.java:163)
	at io.cucumber.core.runner.Runner.createTestCaseForPickle(Runner.java:146)
	at io.cucumber.core.runner.Runner.runPickle(Runner.java:74)
	at io.cucumber.testng.TestNGCucumberRunner.lambda$runScenario$1(TestNGCucumberRunner.java:135)
	at io.cucumber.core.runtime.CucumberExecutionContext.lambda$runTestCase$5(CucumberExecutionContext.java:136)
	at io.cucumber.core.runtime.RethrowingThrowableCollector.executeAndThrow(RethrowingThrowableCollector.java:23)
	at io.cucumber.core.runtime.CucumberExecutionContext.runTestCase(CucumberExecutionContext.java:136)
	at io.cucumber.testng.TestNGCucumberRunner.runScenario(TestNGCucumberRunner.java:132)
	at io.cucumber.testng.AbstractTestNGCucumberTests.runScenario(AbstractTestNGCucumberTests.java:35)
	at java.base/jdk.internal.reflect.NativeMethodAccessorImpl.invoke0(Native Method)
	at java.base/jdk.internal.reflect.NativeMethodAccessorImpl.invoke(NativeMethodAccessorImpl.java:77)
	at java.base/jdk.internal.reflect.DelegatingMethodAccessorImpl.invoke(DelegatingMethodAccessorImpl.java:43)
	at java.base/java.lang.reflect.Method.invoke(Method.java:568)
	at org.testng.internal.invokers.MethodInvocationHelper.invokeMethod(MethodInvocationHelper.java:141)
	at org.testng.internal.invokers.TestInvoker.invokeMethod(TestInvoker.java:687)
	at org.testng.internal.invokers.TestInvoker.invokeTestMethod(TestInvoker.java:230)
	at org.testng.internal.invokers.MethodRunner.runInSequence(MethodRunner.java:63)
	at org.testng.internal.invokers.TestInvoker$MethodInvocationAgent.invoke(TestInvoker.java:995)
	at org.testng.internal.invokers.TestInvoker.invokeTestMethods(TestInvoker.java:203)
	at org.testng.internal.invokers.TestMethodWorker.invokeTestMethods(TestMethodWorker.java:154)
	at org.testng.internal.invokers.TestMethodWorker.run(TestMethodWorker.java:134)
	at java.base/java.util.ArrayList.forEach(ArrayList.java:1511)
	at org.testng.TestRunner.privateRun(TestRunner.java:741)
	at org.testng.TestRunner.run(TestRunner.java:616)
	at org.testng.SuiteRunner.runTest(SuiteRunner.java:421)
	at org.testng.SuiteRunner.runSequentially(SuiteRunner.java:413)
	at org.testng.SuiteRunner.privateRun(SuiteRunner.java:373)
	at org.testng.SuiteRunner.run(SuiteRunner.java:312)
	at org.testng.SuiteRunnerWorker.runSuite(SuiteRunnerWorker.java:52)
	at org.testng.SuiteRunnerWorker.run(SuiteRunnerWorker.java:95)
	at org.testng.TestNG.runSuitesSequentially(TestNG.java:1274)
	at org.testng.TestNG.runSuitesLocally(TestNG.java:1208)
	at org.testng.TestNG.runSuites(TestNG.java:1112)
	at org.testng.TestNG.run(TestNG.java:1079)
	at org.testng.remote.AbstractRemoteTestNG.run(AbstractRemoteTestNG.java:115)
	at org.testng.remote.RemoteTestNG.initAndRun(RemoteTestNG.java:293)
	at org.testng.remote.RemoteTestNG.main(RemoteTestNG.java:91)
]]>
</failure>
<system-out><![CDATA[
Given User is navigated to Registration page................................passed
When User Enter Valid details in FirstName..................................passed
And User Enter Valid LastName...............................................ambiguous
And User Enter Valid Invalid Email<InvalidEmail>............................skipped
And User Enter Valid telephone..............................................skipped
And User Enter Invalid Password.............................................skipped
And User Enter Invalid confirm password.....................................skipped
And User cliked on disclimer................................................skipped
And User Clicked on Continue................................................skipped
Then Registration should not be done and should show error messagae indication Invalid Email <error_message >.skipped
]]></system-out>
</testcase>
<testcase classname="Registration Functionality" name="TC_RF_010_Verify_registraton_With_invalidEmail() - #1.3" time="7.271">
<failure type="io.cucumber.core.runner.AmbiguousStepDefinitionsException" message="&quot;User Enter Valid LastName&quot; matches more than one step definition:
  &quot;User Enter Valid LastName&quot; in StepDefination_pack.Register.user_enter_valid_last_name()
  &quot;^User Enter Valid LastName(.*)$&quot; in StepDefination_pack.Register.user_enter_valid_last_name(java.lang.String)">
<![CDATA[io.cucumber.core.runner.AmbiguousStepDefinitionsException: "User Enter Valid LastName" matches more than one step definition:
  "User Enter Valid LastName" in StepDefination_pack.Register.user_enter_valid_last_name()
  "^User Enter Valid LastName(.*)$" in StepDefination_pack.Register.user_enter_valid_last_name(java.lang.String)
	at io.cucumber.core.runner.CachingGlue.findStepDefinitionMatch(CachingGlue.java:423)
	at io.cucumber.core.runner.CachingGlue.stepDefinitionMatch(CachingGlue.java:391)
	at io.cucumber.core.runner.Runner.matchStepToStepDefinition(Runner.java:183)
	at io.cucumber.core.runner.Runner.createTestStepsForPickleSteps(Runner.java:163)
	at io.cucumber.core.runner.Runner.createTestCaseForPickle(Runner.java:146)
	at io.cucumber.core.runner.Runner.runPickle(Runner.java:74)
	at io.cucumber.testng.TestNGCucumberRunner.lambda$runScenario$1(TestNGCucumberRunner.java:135)
	at io.cucumber.core.runtime.CucumberExecutionContext.lambda$runTestCase$5(CucumberExecutionContext.java:136)
	at io.cucumber.core.runtime.RethrowingThrowableCollector.executeAndThrow(RethrowingThrowableCollector.java:23)
	at io.cucumber.core.runtime.CucumberExecutionContext.runTestCase(CucumberExecutionContext.java:136)
	at io.cucumber.testng.TestNGCucumberRunner.runScenario(TestNGCucumberRunner.java:132)
	at io.cucumber.testng.AbstractTestNGCucumberTests.runScenario(AbstractTestNGCucumberTests.java:35)
	at java.base/jdk.internal.reflect.NativeMethodAccessorImpl.invoke0(Native Method)
	at java.base/jdk.internal.reflect.NativeMethodAccessorImpl.invoke(NativeMethodAccessorImpl.java:77)
	at java.base/jdk.internal.reflect.DelegatingMethodAccessorImpl.invoke(DelegatingMethodAccessorImpl.java:43)
	at java.base/java.lang.reflect.Method.invoke(Method.java:568)
	at org.testng.internal.invokers.MethodInvocationHelper.invokeMethod(MethodInvocationHelper.java:141)
	at org.testng.internal.invokers.TestInvoker.invokeMethod(TestInvoker.java:687)
	at org.testng.internal.invokers.TestInvoker.invokeTestMethod(TestInvoker.java:230)
	at org.testng.internal.invokers.MethodRunner.runInSequence(MethodRunner.java:63)
	at org.testng.internal.invokers.TestInvoker$MethodInvocationAgent.invoke(TestInvoker.java:995)
	at org.testng.internal.invokers.TestInvoker.invokeTestMethods(TestInvoker.java:203)
	at org.testng.internal.invokers.TestMethodWorker.invokeTestMethods(TestMethodWorker.java:154)
	at org.testng.internal.invokers.TestMethodWorker.run(TestMethodWorker.java:134)
	at java.base/java.util.ArrayList.forEach(ArrayList.java:1511)
	at org.testng.TestRunner.privateRun(TestRunner.java:741)
	at org.testng.TestRunner.run(TestRunner.java:616)
	at org.testng.SuiteRunner.runTest(SuiteRunner.java:421)
	at org.testng.SuiteRunner.runSequentially(SuiteRunner.java:413)
	at org.testng.SuiteRunner.privateRun(SuiteRunner.java:373)
	at org.testng.SuiteRunner.run(SuiteRunner.java:312)
	at org.testng.SuiteRunnerWorker.runSuite(SuiteRunnerWorker.java:52)
	at org.testng.SuiteRunnerWorker.run(SuiteRunnerWorker.java:95)
	at org.testng.TestNG.runSuitesSequentially(TestNG.java:1274)
	at org.testng.TestNG.runSuitesLocally(TestNG.java:1208)
	at org.testng.TestNG.runSuites(TestNG.java:1112)
	at org.testng.TestNG.run(TestNG.java:1079)
	at org.testng.remote.AbstractRemoteTestNG.run(AbstractRemoteTestNG.java:115)
	at org.testng.remote.RemoteTestNG.initAndRun(RemoteTestNG.java:293)
	at org.testng.remote.RemoteTestNG.main(RemoteTestNG.java:91)
]]>
</failure>
<system-out><![CDATA[
Given User is navigated to Registration page................................passed
When User Enter Valid details in FirstName..................................passed
And User Enter Valid LastName...............................................ambiguous
And User Enter Valid Invalid Email<InvalidEmail>............................skipped
And User Enter Valid telephone..............................................skipped
And User Enter Invalid Password.............................................skipped
And User Enter Invalid confirm password.....................................skipped
And User cliked on disclimer................................................skipped
And User Clicked on Continue................................................skipped
Then Registration should not be done and should show error messagae indication Invalid Email <error_message >.skipped
]]></system-out>
</testcase>
<testcase classname="Registration Functionality" name="TC_RF_010_Verify_registraton_With_invalidEmail() - #1.4" time="6.197">
<failure type="io.cucumber.core.runner.AmbiguousStepDefinitionsException" message="&quot;User Enter Valid LastName&quot; matches more than one step definition:
  &quot;User Enter Valid LastName&quot; in StepDefination_pack.Register.user_enter_valid_last_name()
  &quot;^User Enter Valid LastName(.*)$&quot; in StepDefination_pack.Register.user_enter_valid_last_name(java.lang.String)">
<![CDATA[io.cucumber.core.runner.AmbiguousStepDefinitionsException: "User Enter Valid LastName" matches more than one step definition:
  "User Enter Valid LastName" in StepDefination_pack.Register.user_enter_valid_last_name()
  "^User Enter Valid LastName(.*)$" in StepDefination_pack.Register.user_enter_valid_last_name(java.lang.String)
	at io.cucumber.core.runner.CachingGlue.findStepDefinitionMatch(CachingGlue.java:423)
	at io.cucumber.core.runner.CachingGlue.stepDefinitionMatch(CachingGlue.java:391)
	at io.cucumber.core.runner.Runner.matchStepToStepDefinition(Runner.java:183)
	at io.cucumber.core.runner.Runner.createTestStepsForPickleSteps(Runner.java:163)
	at io.cucumber.core.runner.Runner.createTestCaseForPickle(Runner.java:146)
	at io.cucumber.core.runner.Runner.runPickle(Runner.java:74)
	at io.cucumber.testng.TestNGCucumberRunner.lambda$runScenario$1(TestNGCucumberRunner.java:135)
	at io.cucumber.core.runtime.CucumberExecutionContext.lambda$runTestCase$5(CucumberExecutionContext.java:136)
	at io.cucumber.core.runtime.RethrowingThrowableCollector.executeAndThrow(RethrowingThrowableCollector.java:23)
	at io.cucumber.core.runtime.CucumberExecutionContext.runTestCase(CucumberExecutionContext.java:136)
	at io.cucumber.testng.TestNGCucumberRunner.runScenario(TestNGCucumberRunner.java:132)
	at io.cucumber.testng.AbstractTestNGCucumberTests.runScenario(AbstractTestNGCucumberTests.java:35)
	at java.base/jdk.internal.reflect.NativeMethodAccessorImpl.invoke0(Native Method)
	at java.base/jdk.internal.reflect.NativeMethodAccessorImpl.invoke(NativeMethodAccessorImpl.java:77)
	at java.base/jdk.internal.reflect.DelegatingMethodAccessorImpl.invoke(DelegatingMethodAccessorImpl.java:43)
	at java.base/java.lang.reflect.Method.invoke(Method.java:568)
	at org.testng.internal.invokers.MethodInvocationHelper.invokeMethod(MethodInvocationHelper.java:141)
	at org.testng.internal.invokers.TestInvoker.invokeMethod(TestInvoker.java:687)
	at org.testng.internal.invokers.TestInvoker.invokeTestMethod(TestInvoker.java:230)
	at org.testng.internal.invokers.MethodRunner.runInSequence(MethodRunner.java:63)
	at org.testng.internal.invokers.TestInvoker$MethodInvocationAgent.invoke(TestInvoker.java:995)
	at org.testng.internal.invokers.TestInvoker.invokeTestMethods(TestInvoker.java:203)
	at org.testng.internal.invokers.TestMethodWorker.invokeTestMethods(TestMethodWorker.java:154)
	at org.testng.internal.invokers.TestMethodWorker.run(TestMethodWorker.java:134)
	at java.base/java.util.ArrayList.forEach(ArrayList.java:1511)
	at org.testng.TestRunner.privateRun(TestRunner.java:741)
	at org.testng.TestRunner.run(TestRunner.java:616)
	at org.testng.SuiteRunner.runTest(SuiteRunner.java:421)
	at org.testng.SuiteRunner.runSequentially(SuiteRunner.java:413)
	at org.testng.SuiteRunner.privateRun(SuiteRunner.java:373)
	at org.testng.SuiteRunner.run(SuiteRunner.java:312)
	at org.testng.SuiteRunnerWorker.runSuite(SuiteRunnerWorker.java:52)
	at org.testng.SuiteRunnerWorker.run(SuiteRunnerWorker.java:95)
	at org.testng.TestNG.runSuitesSequentially(TestNG.java:1274)
	at org.testng.TestNG.runSuitesLocally(TestNG.java:1208)
	at org.testng.TestNG.runSuites(TestNG.java:1112)
	at org.testng.TestNG.run(TestNG.java:1079)
	at org.testng.remote.AbstractRemoteTestNG.run(AbstractRemoteTestNG.java:115)
	at org.testng.remote.RemoteTestNG.initAndRun(RemoteTestNG.java:293)
	at org.testng.remote.RemoteTestNG.main(RemoteTestNG.java:91)
]]>
</failure>
<system-out><![CDATA[
Given User is navigated to Registration page................................passed
When User Enter Valid details in FirstName..................................passed
And User Enter Valid LastName...............................................ambiguous
And User Enter Valid Invalid Email<InvalidEmail>............................skipped
And User Enter Valid telephone..............................................skipped
And User Enter Invalid Password.............................................skipped
And User Enter Invalid confirm password.....................................skipped
And User cliked on disclimer................................................skipped
And User Clicked on Continue................................................skipped
Then Registration should not be done and should show error messagae indication Invalid Email <error_message >.skipped
]]></system-out>
</testcase>
</testsuite>
