[{"line":1,"elements":[{"line":3,"name":"","description":"","type":"background","keyword":"Background","steps":[{"result":{"duration":1448347000,"status":"passed"},"line":4,"name":"User is navigated to Registration page","match":{"location":"StepDefination_pack.Register.user_is_navigated_to_registration_page()"},"keyword":"Given "}]},{"start_timestamp":"2025-02-19T11:41:42.145Z","before":[{"result":{"duration":7187959900,"status":"passed"},"match":{"location":"StepDefination_pack.Register.setup()"}}],"line":100,"name":"TC_RF_010_Verify_registraton_With_invalidEmail()","description":"","id":"registration-functionality;tc-rf-010-verify-registraton-with-invalidemail();;2","after":[{"result":{"duration":1264273800,"status":"passed"},"match":{"location":"StepDefination_pack.Register.teardown()"}}],"type":"scenario","keyword":"Scenario Outline","steps":[{"result":{"duration":201885000,"status":"passed"},"line":88,"name":"User Enter Valid details in FirstName","match":{"location":"StepDefination_pack.Register.user_enter_valid_details_in_first_name()"},"keyword":"When "},{"result":{"error_message":"io.cucumber.core.runner.AmbiguousStepDefinitionsException: \"User Enter Valid LastName\" matches more than one step definition:\n  \"User Enter Valid LastName\" in StepDefination_pack.Register.user_enter_valid_last_name()\n  \"^User Enter Valid LastName(.*)$\" in StepDefination_pack.Register.user_enter_valid_last_name(java.lang.String)\r\n\tat io.cucumber.core.runner.CachingGlue.findStepDefinitionMatch(CachingGlue.java:423)\r\n\tat io.cucumber.core.runner.CachingGlue.stepDefinitionMatch(CachingGlue.java:391)\r\n\tat io.cucumber.core.runner.Runner.matchStepToStepDefinition(Runner.java:183)\r\n\tat io.cucumber.core.runner.Runner.createTestStepsForPickleSteps(Runner.java:163)\r\n\tat io.cucumber.core.runner.Runner.createTestCaseForPickle(Runner.java:146)\r\n\tat io.cucumber.core.runner.Runner.runPickle(Runner.java:74)\r\n\tat io.cucumber.testng.TestNGCucumberRunner.lambda$runScenario$1(TestNGCucumberRunner.java:135)\r\n\tat io.cucumber.core.runtime.CucumberExecutionContext.lambda$runTestCase$5(CucumberExecutionContext.java:136)\r\n\tat io.cucumber.core.runtime.RethrowingThrowableCollector.executeAndThrow(RethrowingThrowableCollector.java:23)\r\n\tat io.cucumber.core.runtime.CucumberExecutionContext.runTestCase(CucumberExecutionContext.java:136)\r\n\tat io.cucumber.testng.TestNGCucumberRunner.runScenario(TestNGCucumberRunner.java:132)\r\n\tat io.cucumber.testng.AbstractTestNGCucumberTests.runScenario(AbstractTestNGCucumberTests.java:35)\r\n\tat java.base/jdk.internal.reflect.NativeMethodAccessorImpl.invoke0(Native Method)\r\n\tat java.base/jdk.internal.reflect.NativeMethodAccessorImpl.invoke(NativeMethodAccessorImpl.java:77)\r\n\tat java.base/jdk.internal.reflect.DelegatingMethodAccessorImpl.invoke(DelegatingMethodAccessorImpl.java:43)\r\n\tat java.base/java.lang.reflect.Method.invoke(Method.java:568)\r\n\tat org.testng.internal.invokers.MethodInvocationHelper.invokeMethod(MethodInvocationHelper.java:141)\r\n\tat org.testng.internal.invokers.TestInvoker.invokeMethod(TestInvoker.java:687)\r\n\tat org.testng.internal.invokers.TestInvoker.invokeTestMethod(TestInvoker.java:230)\r\n\tat org.testng.internal.invokers.MethodRunner.runInSequence(MethodRunner.java:63)\r\n\tat org.testng.internal.invokers.TestInvoker$MethodInvocationAgent.invoke(TestInvoker.java:995)\r\n\tat org.testng.internal.invokers.TestInvoker.invokeTestMethods(TestInvoker.java:203)\r\n\tat org.testng.internal.invokers.TestMethodWorker.invokeTestMethods(TestMethodWorker.java:154)\r\n\tat org.testng.internal.invokers.TestMethodWorker.run(TestMethodWorker.java:134)\r\n\tat java.base/java.util.ArrayList.forEach(ArrayList.java:1511)\r\n\tat org.testng.TestRunner.privateRun(TestRunner.java:741)\r\n\tat org.testng.TestRunner.run(TestRunner.java:616)\r\n\tat org.testng.SuiteRunner.runTest(SuiteRunner.java:421)\r\n\tat org.testng.SuiteRunner.runSequentially(SuiteRunner.java:413)\r\n\tat org.testng.SuiteRunner.privateRun(SuiteRunner.java:373)\r\n\tat org.testng.SuiteRunner.run(SuiteRunner.java:312)\r\n\tat org.testng.SuiteRunnerWorker.runSuite(SuiteRunnerWorker.java:52)\r\n\tat org.testng.SuiteRunnerWorker.run(SuiteRunnerWorker.java:95)\r\n\tat org.testng.TestNG.runSuitesSequentially(TestNG.java:1274)\r\n\tat org.testng.TestNG.runSuitesLocally(TestNG.java:1208)\r\n\tat org.testng.TestNG.runSuites(TestNG.java:1112)\r\n\tat org.testng.TestNG.run(TestNG.java:1079)\r\n\tat org.testng.remote.AbstractRemoteTestNG.run(AbstractRemoteTestNG.java:115)\r\n\tat org.testng.remote.RemoteTestNG.initAndRun(RemoteTestNG.java:293)\r\n\tat org.testng.remote.RemoteTestNG.main(RemoteTestNG.java:91)\r\n","duration":17989400,"status":"ambiguous"},"line":89,"name":"User Enter Valid LastName","match":{},"keyword":"And "},{"result":{"duration":999500,"status":"skipped"},"line":90,"name":"User Enter Valid Invalid Email<InvalidEmail>","match":{},"keyword":"And "},{"result":{"status":"skipped"},"line":91,"name":"User Enter Valid telephone","match":{},"keyword":"And "},{"result":{"status":"skipped"},"line":92,"name":"User Enter Invalid Password","match":{"location":"StepDefination_pack.Register.user_enter_invalid_password()"},"keyword":"And "},{"result":{"duration":999500,"status":"skipped"},"line":93,"name":"User Enter Invalid confirm password","match":{"location":"StepDefination_pack.Register.user_enter_invalid_confirm_password()"},"keyword":"And "},{"result":{"duration":997700,"status":"skipped"},"line":94,"name":"User cliked on disclimer","match":{"location":"StepDefination_pack.Register.user_cliked_on_disclimer()"},"keyword":"And "},{"result":{"duration":1000100,"status":"skipped"},"line":95,"name":"User Clicked on Continue","match":{"location":"StepDefination_pack.Register.User_Clicked_on_Continue()"},"keyword":"And "},{"result":{"status":"skipped"},"line":96,"name":"Registration should not be done and should show error messagae indication Invalid Email <error_message >","match":{"arguments":[{"val":" <error_message >","offset":87}],"location":"StepDefination_pack.Register.registration_should_not_be_done_and_should_show_error_message_indication_Invalid_Email(java.lang.String)"},"keyword":"Then "}],"tags":[{"name":"@test1"}]},{"line":3,"name":"","description":"","type":"background","keyword":"Background","steps":[{"result":{"duration":1245284300,"status":"passed"},"line":4,"name":"User is navigated to Registration page","match":{"location":"StepDefination_pack.Register.user_is_navigated_to_registration_page()"},"keyword":"Given "}]},{"start_timestamp":"2025-02-19T11:41:52.442Z","before":[{"result":{"duration":4720998100,"status":"passed"},"match":{"location":"StepDefination_pack.Register.setup()"}}],"line":101,"name":"TC_RF_010_Verify_registraton_With_invalidEmail()","description":"","id":"registration-functionality;tc-rf-010-verify-registraton-with-invalidemail();;3","after":[{"result":{"duration":1328353300,"status":"passed"},"match":{"location":"StepDefination_pack.Register.teardown()"}}],"type":"scenario","keyword":"Scenario Outline","steps":[{"result":{"duration":218874100,"status":"passed"},"line":88,"name":"User Enter Valid details in FirstName","match":{"location":"StepDefination_pack.Register.user_enter_valid_details_in_first_name()"},"keyword":"When "},{"result":{"error_message":"io.cucumber.core.runner.AmbiguousStepDefinitionsException: \"User Enter Valid LastName\" matches more than one step definition:\n  \"User Enter Valid LastName\" in StepDefination_pack.Register.user_enter_valid_last_name()\n  \"^User Enter Valid LastName(.*)$\" in StepDefination_pack.Register.user_enter_valid_last_name(java.lang.String)\r\n\tat io.cucumber.core.runner.CachingGlue.findStepDefinitionMatch(CachingGlue.java:423)\r\n\tat io.cucumber.core.runner.CachingGlue.stepDefinitionMatch(CachingGlue.java:391)\r\n\tat io.cucumber.core.runner.Runner.matchStepToStepDefinition(Runner.java:183)\r\n\tat io.cucumber.core.runner.Runner.createTestStepsForPickleSteps(Runner.java:163)\r\n\tat io.cucumber.core.runner.Runner.createTestCaseForPickle(Runner.java:146)\r\n\tat io.cucumber.core.runner.Runner.runPickle(Runner.java:74)\r\n\tat io.cucumber.testng.TestNGCucumberRunner.lambda$runScenario$1(TestNGCucumberRunner.java:135)\r\n\tat io.cucumber.core.runtime.CucumberExecutionContext.lambda$runTestCase$5(CucumberExecutionContext.java:136)\r\n\tat io.cucumber.core.runtime.RethrowingThrowableCollector.executeAndThrow(RethrowingThrowableCollector.java:23)\r\n\tat io.cucumber.core.runtime.CucumberExecutionContext.runTestCase(CucumberExecutionContext.java:136)\r\n\tat io.cucumber.testng.TestNGCucumberRunner.runScenario(TestNGCucumberRunner.java:132)\r\n\tat io.cucumber.testng.AbstractTestNGCucumberTests.runScenario(AbstractTestNGCucumberTests.java:35)\r\n\tat java.base/jdk.internal.reflect.NativeMethodAccessorImpl.invoke0(Native Method)\r\n\tat java.base/jdk.internal.reflect.NativeMethodAccessorImpl.invoke(NativeMethodAccessorImpl.java:77)\r\n\tat java.base/jdk.internal.reflect.DelegatingMethodAccessorImpl.invoke(DelegatingMethodAccessorImpl.java:43)\r\n\tat java.base/java.lang.reflect.Method.invoke(Method.java:568)\r\n\tat org.testng.internal.invokers.MethodInvocationHelper.invokeMethod(MethodInvocationHelper.java:141)\r\n\tat org.testng.internal.invokers.TestInvoker.invokeMethod(TestInvoker.java:687)\r\n\tat org.testng.internal.invokers.TestInvoker.invokeTestMethod(TestInvoker.java:230)\r\n\tat org.testng.internal.invokers.MethodRunner.runInSequence(MethodRunner.java:63)\r\n\tat org.testng.internal.invokers.TestInvoker$MethodInvocationAgent.invoke(TestInvoker.java:995)\r\n\tat org.testng.internal.invokers.TestInvoker.invokeTestMethods(TestInvoker.java:203)\r\n\tat org.testng.internal.invokers.TestMethodWorker.invokeTestMethods(TestMethodWorker.java:154)\r\n\tat org.testng.internal.invokers.TestMethodWorker.run(TestMethodWorker.java:134)\r\n\tat java.base/java.util.ArrayList.forEach(ArrayList.java:1511)\r\n\tat org.testng.TestRunner.privateRun(TestRunner.java:741)\r\n\tat org.testng.TestRunner.run(TestRunner.java:616)\r\n\tat org.testng.SuiteRunner.runTest(SuiteRunner.java:421)\r\n\tat org.testng.SuiteRunner.runSequentially(SuiteRunner.java:413)\r\n\tat org.testng.SuiteRunner.privateRun(SuiteRunner.java:373)\r\n\tat org.testng.SuiteRunner.run(SuiteRunner.java:312)\r\n\tat org.testng.SuiteRunnerWorker.runSuite(SuiteRunnerWorker.java:52)\r\n\tat org.testng.SuiteRunnerWorker.run(SuiteRunnerWorker.java:95)\r\n\tat org.testng.TestNG.runSuitesSequentially(TestNG.java:1274)\r\n\tat org.testng.TestNG.runSuitesLocally(TestNG.java:1208)\r\n\tat org.testng.TestNG.runSuites(TestNG.java:1112)\r\n\tat org.testng.TestNG.run(TestNG.java:1079)\r\n\tat org.testng.remote.AbstractRemoteTestNG.run(AbstractRemoteTestNG.java:115)\r\n\tat org.testng.remote.RemoteTestNG.initAndRun(RemoteTestNG.java:293)\r\n\tat org.testng.remote.RemoteTestNG.main(RemoteTestNG.java:91)\r\n","duration":4997600,"status":"ambiguous"},"line":89,"name":"User Enter Valid LastName","match":{},"keyword":"And "},{"result":{"status":"skipped"},"line":90,"name":"User Enter Valid Invalid Email<InvalidEmail>","match":{},"keyword":"And "},{"result":{"status":"skipped"},"line":91,"name":"User Enter Valid telephone","match":{},"keyword":"And "},{"result":{"status":"skipped"},"line":92,"name":"User Enter Invalid Password","match":{"location":"StepDefination_pack.Register.user_enter_invalid_password()"},"keyword":"And "},{"result":{"duration":999900,"status":"skipped"},"line":93,"name":"User Enter Invalid confirm password","match":{"location":"StepDefination_pack.Register.user_enter_invalid_confirm_password()"},"keyword":"And "},{"result":{"status":"skipped"},"line":94,"name":"User cliked on disclimer","match":{"location":"StepDefination_pack.Register.user_cliked_on_disclimer()"},"keyword":"And "},{"result":{"status":"skipped"},"line":95,"name":"User Clicked on Continue","match":{"location":"StepDefination_pack.Register.User_Clicked_on_Continue()"},"keyword":"And "},{"result":{"status":"skipped"},"line":96,"name":"Registration should not be done and should show error messagae indication Invalid Email <error_message >","match":{"arguments":[{"val":" <error_message >","offset":87}],"location":"StepDefination_pack.Register.registration_should_not_be_done_and_should_show_error_message_indication_Invalid_Email(java.lang.String)"},"keyword":"Then "}],"tags":[{"name":"@test1"}]},{"line":3,"name":"","description":"","type":"background","keyword":"Background","steps":[{"result":{"duration":1004423200,"status":"passed"},"line":4,"name":"User is navigated to Registration page","match":{"location":"StepDefination_pack.Register.user_is_navigated_to_registration_page()"},"keyword":"Given "}]},{"start_timestamp":"2025-02-19T11:42:00.033Z","before":[{"result":{"duration":4991343500,"status":"passed"},"match":{"location":"StepDefination_pack.Register.setup()"}}],"line":102,"name":"TC_RF_010_Verify_registraton_With_invalidEmail()","description":"","id":"registration-functionality;tc-rf-010-verify-registraton-with-invalidemail();;4","after":[{"result":{"duration":1067324900,"status":"passed"},"match":{"location":"StepDefination_pack.Register.teardown()"}}],"type":"scenario","keyword":"Scenario Outline","steps":[{"result":{"duration":197885100,"status":"passed"},"line":88,"name":"User Enter Valid details in FirstName","match":{"location":"StepDefination_pack.Register.user_enter_valid_details_in_first_name()"},"keyword":"When "},{"result":{"error_message":"io.cucumber.core.runner.AmbiguousStepDefinitionsException: \"User Enter Valid LastName\" matches more than one step definition:\n  \"User Enter Valid LastName\" in StepDefination_pack.Register.user_enter_valid_last_name()\n  \"^User Enter Valid LastName(.*)$\" in StepDefination_pack.Register.user_enter_valid_last_name(java.lang.String)\r\n\tat io.cucumber.core.runner.CachingGlue.findStepDefinitionMatch(CachingGlue.java:423)\r\n\tat io.cucumber.core.runner.CachingGlue.stepDefinitionMatch(CachingGlue.java:391)\r\n\tat io.cucumber.core.runner.Runner.matchStepToStepDefinition(Runner.java:183)\r\n\tat io.cucumber.core.runner.Runner.createTestStepsForPickleSteps(Runner.java:163)\r\n\tat io.cucumber.core.runner.Runner.createTestCaseForPickle(Runner.java:146)\r\n\tat io.cucumber.core.runner.Runner.runPickle(Runner.java:74)\r\n\tat io.cucumber.testng.TestNGCucumberRunner.lambda$runScenario$1(TestNGCucumberRunner.java:135)\r\n\tat io.cucumber.core.runtime.CucumberExecutionContext.lambda$runTestCase$5(CucumberExecutionContext.java:136)\r\n\tat io.cucumber.core.runtime.RethrowingThrowableCollector.executeAndThrow(RethrowingThrowableCollector.java:23)\r\n\tat io.cucumber.core.runtime.CucumberExecutionContext.runTestCase(CucumberExecutionContext.java:136)\r\n\tat io.cucumber.testng.TestNGCucumberRunner.runScenario(TestNGCucumberRunner.java:132)\r\n\tat io.cucumber.testng.AbstractTestNGCucumberTests.runScenario(AbstractTestNGCucumberTests.java:35)\r\n\tat java.base/jdk.internal.reflect.NativeMethodAccessorImpl.invoke0(Native Method)\r\n\tat java.base/jdk.internal.reflect.NativeMethodAccessorImpl.invoke(NativeMethodAccessorImpl.java:77)\r\n\tat java.base/jdk.internal.reflect.DelegatingMethodAccessorImpl.invoke(DelegatingMethodAccessorImpl.java:43)\r\n\tat java.base/java.lang.reflect.Method.invoke(Method.java:568)\r\n\tat org.testng.internal.invokers.MethodInvocationHelper.invokeMethod(MethodInvocationHelper.java:141)\r\n\tat org.testng.internal.invokers.TestInvoker.invokeMethod(TestInvoker.java:687)\r\n\tat org.testng.internal.invokers.TestInvoker.invokeTestMethod(TestInvoker.java:230)\r\n\tat org.testng.internal.invokers.MethodRunner.runInSequence(MethodRunner.java:63)\r\n\tat org.testng.internal.invokers.TestInvoker$MethodInvocationAgent.invoke(TestInvoker.java:995)\r\n\tat org.testng.internal.invokers.TestInvoker.invokeTestMethods(TestInvoker.java:203)\r\n\tat org.testng.internal.invokers.TestMethodWorker.invokeTestMethods(TestMethodWorker.java:154)\r\n\tat org.testng.internal.invokers.TestMethodWorker.run(TestMethodWorker.java:134)\r\n\tat java.base/java.util.ArrayList.forEach(ArrayList.java:1511)\r\n\tat org.testng.TestRunner.privateRun(TestRunner.java:741)\r\n\tat org.testng.TestRunner.run(TestRunner.java:616)\r\n\tat org.testng.SuiteRunner.runTest(SuiteRunner.java:421)\r\n\tat org.testng.SuiteRunner.runSequentially(SuiteRunner.java:413)\r\n\tat org.testng.SuiteRunner.privateRun(SuiteRunner.java:373)\r\n\tat org.testng.SuiteRunner.run(SuiteRunner.java:312)\r\n\tat org.testng.SuiteRunnerWorker.runSuite(SuiteRunnerWorker.java:52)\r\n\tat org.testng.SuiteRunnerWorker.run(SuiteRunnerWorker.java:95)\r\n\tat org.testng.TestNG.runSuitesSequentially(TestNG.java:1274)\r\n\tat org.testng.TestNG.runSuitesLocally(TestNG.java:1208)\r\n\tat org.testng.TestNG.runSuites(TestNG.java:1112)\r\n\tat org.testng.TestNG.run(TestNG.java:1079)\r\n\tat org.testng.remote.AbstractRemoteTestNG.run(AbstractRemoteTestNG.java:115)\r\n\tat org.testng.remote.RemoteTestNG.initAndRun(RemoteTestNG.java:293)\r\n\tat org.testng.remote.RemoteTestNG.main(RemoteTestNG.java:91)\r\n","duration":989600,"status":"ambiguous"},"line":89,"name":"User Enter Valid LastName","match":{},"keyword":"And "},{"result":{"status":"skipped"},"line":90,"name":"User Enter Valid Invalid Email<InvalidEmail>","match":{},"keyword":"And "},{"result":{"status":"skipped"},"line":91,"name":"User Enter Valid telephone","match":{},"keyword":"And "},{"result":{"status":"skipped"},"line":92,"name":"User Enter Invalid Password","match":{"location":"StepDefination_pack.Register.user_enter_invalid_password()"},"keyword":"And "},{"result":{"duration":998600,"status":"skipped"},"line":93,"name":"User Enter Invalid confirm password","match":{"location":"StepDefination_pack.Register.user_enter_invalid_confirm_password()"},"keyword":"And "},{"result":{"status":"skipped"},"line":94,"name":"User cliked on disclimer","match":{"location":"StepDefination_pack.Register.user_cliked_on_disclimer()"},"keyword":"And "},{"result":{"duration":999300,"status":"skipped"},"line":95,"name":"User Clicked on Continue","match":{"location":"StepDefination_pack.Register.User_Clicked_on_Continue()"},"keyword":"And "},{"result":{"status":"skipped"},"line":96,"name":"Registration should not be done and should show error messagae indication Invalid Email <error_message >","match":{"arguments":[{"val":" <error_message >","offset":87}],"location":"StepDefination_pack.Register.registration_should_not_be_done_and_should_show_error_message_indication_Invalid_Email(java.lang.String)"},"keyword":"Then "}],"tags":[{"name":"@test1"}]},{"line":3,"name":"","description":"","type":"background","keyword":"Background","steps":[{"result":{"duration":923468900,"status":"passed"},"line":4,"name":"User is navigated to Registration page","match":{"location":"StepDefination_pack.Register.user_is_navigated_to_registration_page()"},"keyword":"Given "}]},{"start_timestamp":"2025-02-19T11:42:07.338Z","before":[{"result":{"duration":4211046500,"status":"passed"},"match":{"location":"StepDefination_pack.Register.setup()"}}],"line":103,"name":"TC_RF_010_Verify_registraton_With_invalidEmail()","description":"","id":"registration-functionality;tc-rf-010-verify-registraton-with-invalidemail();;5","after":[{"result":{"duration":820279800,"status":"passed"},"match":{"location":"StepDefination_pack.Register.teardown()"}}],"type":"scenario","keyword":"Scenario Outline","steps":[{"result":{"duration":234864600,"status":"passed"},"line":88,"name":"User Enter Valid details in FirstName","match":{"location":"StepDefination_pack.Register.user_enter_valid_details_in_first_name()"},"keyword":"When "},{"result":{"error_message":"io.cucumber.core.runner.AmbiguousStepDefinitionsException: \"User Enter Valid LastName\" matches more than one step definition:\n  \"User Enter Valid LastName\" in StepDefination_pack.Register.user_enter_valid_last_name()\n  \"^User Enter Valid LastName(.*)$\" in StepDefination_pack.Register.user_enter_valid_last_name(java.lang.String)\r\n\tat io.cucumber.core.runner.CachingGlue.findStepDefinitionMatch(CachingGlue.java:423)\r\n\tat io.cucumber.core.runner.CachingGlue.stepDefinitionMatch(CachingGlue.java:391)\r\n\tat io.cucumber.core.runner.Runner.matchStepToStepDefinition(Runner.java:183)\r\n\tat io.cucumber.core.runner.Runner.createTestStepsForPickleSteps(Runner.java:163)\r\n\tat io.cucumber.core.runner.Runner.createTestCaseForPickle(Runner.java:146)\r\n\tat io.cucumber.core.runner.Runner.runPickle(Runner.java:74)\r\n\tat io.cucumber.testng.TestNGCucumberRunner.lambda$runScenario$1(TestNGCucumberRunner.java:135)\r\n\tat io.cucumber.core.runtime.CucumberExecutionContext.lambda$runTestCase$5(CucumberExecutionContext.java:136)\r\n\tat io.cucumber.core.runtime.RethrowingThrowableCollector.executeAndThrow(RethrowingThrowableCollector.java:23)\r\n\tat io.cucumber.core.runtime.CucumberExecutionContext.runTestCase(CucumberExecutionContext.java:136)\r\n\tat io.cucumber.testng.TestNGCucumberRunner.runScenario(TestNGCucumberRunner.java:132)\r\n\tat io.cucumber.testng.AbstractTestNGCucumberTests.runScenario(AbstractTestNGCucumberTests.java:35)\r\n\tat java.base/jdk.internal.reflect.NativeMethodAccessorImpl.invoke0(Native Method)\r\n\tat java.base/jdk.internal.reflect.NativeMethodAccessorImpl.invoke(NativeMethodAccessorImpl.java:77)\r\n\tat java.base/jdk.internal.reflect.DelegatingMethodAccessorImpl.invoke(DelegatingMethodAccessorImpl.java:43)\r\n\tat java.base/java.lang.reflect.Method.invoke(Method.java:568)\r\n\tat org.testng.internal.invokers.MethodInvocationHelper.invokeMethod(MethodInvocationHelper.java:141)\r\n\tat org.testng.internal.invokers.TestInvoker.invokeMethod(TestInvoker.java:687)\r\n\tat org.testng.internal.invokers.TestInvoker.invokeTestMethod(TestInvoker.java:230)\r\n\tat org.testng.internal.invokers.MethodRunner.runInSequence(MethodRunner.java:63)\r\n\tat org.testng.internal.invokers.TestInvoker$MethodInvocationAgent.invoke(TestInvoker.java:995)\r\n\tat org.testng.internal.invokers.TestInvoker.invokeTestMethods(TestInvoker.java:203)\r\n\tat org.testng.internal.invokers.TestMethodWorker.invokeTestMethods(TestMethodWorker.java:154)\r\n\tat org.testng.internal.invokers.TestMethodWorker.run(TestMethodWorker.java:134)\r\n\tat java.base/java.util.ArrayList.forEach(ArrayList.java:1511)\r\n\tat org.testng.TestRunner.privateRun(TestRunner.java:741)\r\n\tat org.testng.TestRunner.run(TestRunner.java:616)\r\n\tat org.testng.SuiteRunner.runTest(SuiteRunner.java:421)\r\n\tat org.testng.SuiteRunner.runSequentially(SuiteRunner.java:413)\r\n\tat org.testng.SuiteRunner.privateRun(SuiteRunner.java:373)\r\n\tat org.testng.SuiteRunner.run(SuiteRunner.java:312)\r\n\tat org.testng.SuiteRunnerWorker.runSuite(SuiteRunnerWorker.java:52)\r\n\tat org.testng.SuiteRunnerWorker.run(SuiteRunnerWorker.java:95)\r\n\tat org.testng.TestNG.runSuitesSequentially(TestNG.java:1274)\r\n\tat org.testng.TestNG.runSuitesLocally(TestNG.java:1208)\r\n\tat org.testng.TestNG.runSuites(TestNG.java:1112)\r\n\tat org.testng.TestNG.run(TestNG.java:1079)\r\n\tat org.testng.remote.AbstractRemoteTestNG.run(AbstractRemoteTestNG.java:115)\r\n\tat org.testng.remote.RemoteTestNG.initAndRun(RemoteTestNG.java:293)\r\n\tat org.testng.remote.RemoteTestNG.main(RemoteTestNG.java:91)\r\n","status":"ambiguous"},"line":89,"name":"User Enter Valid LastName","match":{},"keyword":"And "},{"result":{"status":"skipped"},"line":90,"name":"User Enter Valid Invalid Email<InvalidEmail>","match":{},"keyword":"And "},{"result":{"status":"skipped"},"line":91,"name":"User Enter Valid telephone","match":{},"keyword":"And "},{"result":{"duration":999900,"status":"skipped"},"line":92,"name":"User Enter Invalid Password","match":{"location":"StepDefination_pack.Register.user_enter_invalid_password()"},"keyword":"And "},{"result":{"status":"skipped"},"line":93,"name":"User Enter Invalid confirm password","match":{"location":"StepDefination_pack.Register.user_enter_invalid_confirm_password()"},"keyword":"And "},{"result":{"status":"skipped"},"line":94,"name":"User cliked on disclimer","match":{"location":"StepDefination_pack.Register.user_cliked_on_disclimer()"},"keyword":"And "},{"result":{"status":"skipped"},"line":95,"name":"User Clicked on Continue","match":{"location":"StepDefination_pack.Register.User_Clicked_on_Continue()"},"keyword":"And "},{"result":{"status":"skipped"},"line":96,"name":"Registration should not be done and should show error messagae indication Invalid Email <error_message >","match":{"arguments":[{"val":" <error_message >","offset":87}],"location":"StepDefination_pack.Register.registration_should_not_be_done_and_should_show_error_message_indication_Invalid_Email(java.lang.String)"},"keyword":"Then "}],"tags":[{"name":"@test1"}]}],"name":"Registration Functionality","description":"","id":"registration-functionality","keyword":"Feature","uri":"file:src/test/java/Feature/Registration.feature","tags":[]}]